<?xml version="1.0" encoding="UTF-8"?>
<!-- Generated by org.testng.reporters.JUnitReportReporter -->
<testsuite hostname="LAPTOP-PKQFT7B4" failures="0" tests="5" name="com.fitpeorevenuecalculator.in.tests.RevenueCalculatorTest" time="66.591" errors="0" timestamp="2024-11-27T15:30:40 IST" skipped="0">
  <testcase classname="com.fitpeorevenuecalculator.in.tests.RevenueCalculatorTest" name="RevenueCalculator" time="3.363"/>
  <system-out/>
  <testcase classname="com.fitpeorevenuecalculator.in.tests.RevenueCalculatorTest" name="ToSlider" time="55.732"/>
  <system-out/>
  <testcase classname="com.fitpeorevenuecalculator.in.tests.RevenueCalculatorTest" name="inputFieldEnter" time="2.706"/>
  <system-out/>
  <testcase classname="com.fitpeorevenuecalculator.in.tests.RevenueCalculatorTest" name="CheckBoxesEntry" time="4.096"/>
  <system-out/>
  <testcase classname="com.fitpeorevenuecalculator.in.tests.RevenueCalculatorTest" name="validating" time="0.694"/>
  <system-out/>
</testsuite> <!-- com.fitpeorevenuecalculator.in.tests.RevenueCalculatorTest -->
